<?xml version="1.0" encoding="UTF-8"?>
<testng-results ignored="0" total="1" passed="1" failed="0" skipped="0">
  <reporter-output>
  </reporter-output>
  <suite started-at="2018-12-25T13:34:59Z" name="Suite" finished-at="2018-12-25T13:35:14Z" duration-ms="14630">
    <groups>
    </groups>
    <test started-at="2018-12-25T13:34:59Z" name="Test" finished-at="2018-12-25T13:35:14Z" duration-ms="14630">
      <class name="SampleJenkin">
        <test-method is-config="true" signature="beforeLogin()[pri:0, instance:SampleJenkin@1c1bbc4e]" started-at="2018-12-25T13:34:59Z" name="beforeLogin" finished-at="2018-12-25T13:35:02Z" duration-ms="3150" status="PASS">
          <reporter-output>
          </reporter-output>
        </test-method> <!-- beforeLogin -->
        <test-method signature="login()[pri:0, instance:SampleJenkin@1c1bbc4e]" started-at="2018-12-25T13:35:02Z" name="login" finished-at="2018-12-25T13:35:08Z" duration-ms="5791" status="PASS">
          <reporter-output>
          </reporter-output>
        </test-method> <!-- login -->
        <test-method is-config="true" signature="afterLogin()[pri:0, instance:SampleJenkin@1c1bbc4e]" started-at="2018-12-25T13:35:08Z" name="afterLogin" finished-at="2018-12-25T13:35:14Z" duration-ms="5665" status="PASS">
          <reporter-output>
          </reporter-output>
        </test-method> <!-- afterLogin -->
      </class> <!-- SampleJenkin -->
    </test> <!-- Test -->
  </suite> <!-- Suite -->
</testng-results>
